INFO buildroot.py:309:  Mock Version: 1.2.17
DEBUG util.py:97:  ensuring that dir exists: /mnt/build/mock/rhel-7.6-pesign-build-4135077-2576732/root/dev/pts
DEBUG util.py:100:  creating dir: /mnt/build/mock/rhel-7.6-pesign-build-4135077-2576732/root/dev/pts
DEBUG util.py:97:  ensuring that dir exists: /mnt/build/mock/rhel-7.6-pesign-build-4135077-2576732/root/dev/shm
DEBUG util.py:100:  creating dir: /mnt/build/mock/rhel-7.6-pesign-build-4135077-2576732/root/dev/shm
DEBUG buildroot.py:447:  kernel version == 3.10.0-862.2.3.el7.x86_64
DEBUG util.py:110:  touching file: /mnt/build/mock/rhel-7.6-pesign-build-4135077-2576732/root/etc/fstab
DEBUG util.py:110:  touching file: /mnt/build/mock/rhel-7.6-pesign-build-4135077-2576732/root/etc/yum.conf
DEBUG util.py:110:  touching file: /mnt/build/mock/rhel-7.6-pesign-build-4135077-2576732/root/etc/dnf.conf
DEBUG util.py:110:  touching file: /mnt/build/mock/rhel-7.6-pesign-build-4135077-2576732/root/var/log/yum.log
DEBUG util.py:563:  child environment: None
DEBUG util.py:495:  Executing command: ['/bin/mount', '-n', '-t', 'proc', 'proc', '/mnt/build/mock/rhel-7.6-pesign-build-4135077-2576732/root/proc'] with env {'LANG': 'en_US.UTF-8', 'TERM': 'vt100', 'SHELL': '/bin/sh', 'HOSTNAME': 'mock', 'HOME': '/builddir', 'PATH': '/usr/bin:/bin:/usr/sbin:/sbin'} and shell False
DEBUG util.py:542:  Child return code was: 0
DEBUG util.py:563:  child environment: None
DEBUG util.py:495:  Executing command: ['/bin/mount', '-n', '-t', 'sysfs', 'sysfs', '/mnt/build/mock/rhel-7.6-pesign-build-4135077-2576732/root/sys'] with env {'LANG': 'en_US.UTF-8', 'TERM': 'vt100', 'SHELL': '/bin/sh', 'HOSTNAME': 'mock', 'HOME': '/builddir', 'PATH': '/usr/bin:/bin:/usr/sbin:/sbin'} and shell False
DEBUG util.py:542:  Child return code was: 0
DEBUG util.py:563:  child environment: None
DEBUG util.py:495:  Executing command: ['/bin/mount', '-n', '-t', 'tmpfs', 'tmpfs', '/mnt/build/mock/rhel-7.6-pesign-build-4135077-2576732/root/dev/shm'] with env {'LANG': 'en_US.UTF-8', 'TERM': 'vt100', 'SHELL': '/bin/sh', 'HOSTNAME': 'mock', 'HOME': '/builddir', 'PATH': '/usr/bin:/bin:/usr/sbin:/sbin'} and shell False
DEBUG util.py:542:  Child return code was: 0
DEBUG util.py:563:  child environment: None
DEBUG util.py:495:  Executing command: ['/bin/mount', '-n', '-t', 'devpts', '-o', 'gid=5,mode=0620,ptmxmode=0666,newinstance', 'devpts', '/mnt/build/mock/rhel-7.6-pesign-build-4135077-2576732/root/dev/pts'] with env {'LANG': 'en_US.UTF-8', 'TERM': 'vt100', 'SHELL': '/bin/sh', 'HOSTNAME': 'mock', 'HOME': '/builddir', 'PATH': '/usr/bin:/bin:/usr/sbin:/sbin'} and shell False
DEBUG util.py:542:  Child return code was: 0
DEBUG util.py:563:  child environment: None
DEBUG util.py:495:  Executing command: ['/bin/mount', '-n', '--bind', '/tmp/mock-selinux-plugin.cEcFD7', '/mnt/build/mock/rhel-7.6-pesign-build-4135077-2576732/root/proc/filesystems'] with env {'LANG': 'en_US.UTF-8', 'TERM': 'vt100', 'SHELL': '/bin/sh', 'HOSTNAME': 'mock', 'HOME': '/builddir', 'PATH': '/usr/bin:/bin:/usr/sbin:/sbin'} and shell False
DEBUG util.py:542:  Child return code was: 0
DEBUG buildroot.py:138:  rootdir = /mnt/build/mock/rhel-7.6-pesign-build-4135077-2576732/root
DEBUG buildroot.py:139:  resultdir = /mnt/build/mock/rhel-7.6-pesign-build-4135077-2576732/result
DEBUG util.py:97:  ensuring that dir exists: /mnt/build/mock/rhel-7.6-pesign-build-4135077-2576732/root/etc/pki/mock
DEBUG util.py:100:  creating dir: /mnt/build/mock/rhel-7.6-pesign-build-4135077-2576732/root/etc/pki/mock
DEBUG util.py:97:  ensuring that dir exists: /mnt/build/mock/rhel-7.6-pesign-build-4135077-2576732/root/etc/yum/pluginconf.d
DEBUG util.py:100:  creating dir: /mnt/build/mock/rhel-7.6-pesign-build-4135077-2576732/root/etc/yum/pluginconf.d
DEBUG package_manager.py:199:  configure yum
DEBUG package_manager.py:205:  configure yum priorities
DEBUG package_manager.py:207:  configure yum rhnplugin
DEBUG util.py:97:  ensuring that dir exists: /mnt/build/mock/rhel-7.6-pesign-build-4135077-2576732/root/etc
DEBUG package_manager.py:96:  ['/usr/bin/yum', '--installroot', '/mnt/build/mock/rhel-7.6-pesign-build-4135077-2576732/root/', 'groupinstall', 'build']
DEBUG util.py:563:  child environment: None
DEBUG util.py:495:  Executing command: ['/usr/bin/yum', '--installroot', '/mnt/build/mock/rhel-7.6-pesign-build-4135077-2576732/root/', 'groupinstall', 'build', '--setopt=tsflags=nocontexts'] with env {'LANG': 'en_US.UTF-8', 'TERM': 'vt100', 'SHELL': '/bin/bash', 'LC_MESSAGES': 'C', 'PROMPT_COMMAND': 'printf "\x1b]0;<mock-chroot>\x07<mock-chroot>"', 'PATH': '/usr/bin:/bin:/usr/sbin:/sbin', 'HOME': '/builddir', 'HOSTNAME': 'mock'} and shell False
DEBUG util.py:417:  There is no installed groups file.
DEBUG util.py:417:  Maybe run: yum groups mark convert (see man yum)
DEBUG util.py:417:  ================================================================================
DEBUG util.py:417:   Package                       Arch     Version                   Repository
DEBUG util.py:417:                                                                             Size
DEBUG util.py:417:  ================================================================================
DEBUG util.py:417:  Installing for group install "build":
DEBUG util.py:417:   bash                          x86_64   4.2.46-30.el7             build   1.0 M
DEBUG util.py:417:   bzip2                         x86_64   1.0.6-13.el7              build    51 k
DEBUG util.py:417:   coreutils                     x86_64   8.22-21.el7               build   3.3 M
DEBUG util.py:417:   cpio                          x86_64   2.11-27.el7               build   210 k
DEBUG util.py:417:   diffutils                     x86_64   3.3-4.el7                 build   321 k
DEBUG util.py:417:   findutils                     x86_64   1:4.5.11-5.el7            build   558 k
DEBUG util.py:417:   gawk                          x86_64   4.0.2-4.el7_3.1           build   873 k
DEBUG util.py:417:   gcc                           x86_64   4.8.5-36.el7              build    16 M
DEBUG util.py:417:   gcc-c++                       x86_64   4.8.5-36.el7              build   7.2 M
DEBUG util.py:417:   grep                          x86_64   2.20-3.el7                build   343 k
DEBUG util.py:417:   gzip                          x86_64   1.5-10.el7                build   128 k
DEBUG util.py:417:   info                          x86_64   5.1-5.el7                 build   232 k
DEBUG util.py:417:   make                          x86_64   1:3.82-23.el7             build   419 k
DEBUG util.py:417:   patch                         x86_64   2.7.1-10.el7_5            build   109 k
DEBUG util.py:417:   redhat-release-server         x86_64   7.6-0.el7                 build    29 k
DEBUG util.py:417:   redhat-rpm-config             noarch   9.1.0-80.el7              build    78 k
DEBUG util.py:417:   rpm-build                     x86_64   4.11.3-32.el7             build   146 k
DEBUG util.py:417:   sed                           x86_64   4.2.2-5.el7               build   230 k
DEBUG util.py:417:   shadow-utils                  x86_64   2:4.1.5.1-24.el7          build   1.1 M
DEBUG util.py:417:   tar                           x86_64   2:1.26-34.el7             build   844 k
DEBUG util.py:417:   unzip                         x86_64   6.0-19.el7                build   169 k
DEBUG util.py:417:   util-linux                    x86_64   2.23.2-57.el7             build   2.0 M
DEBUG util.py:417:   which                         x86_64   2.20-7.el7                build    40 k
DEBUG util.py:417:   xz                            x86_64   5.2.2-1.el7               build   228 k
DEBUG util.py:417:  Installing for dependencies:
DEBUG util.py:417:   acl                           x86_64   2.2.51-14.el7             build    80 k
DEBUG util.py:417:   audit-libs                    x86_64   2.8.1-3.el7               build    98 k
DEBUG util.py:417:   basesystem                    noarch   10.0-7.el7                build   3.8 k
DEBUG util.py:417:   binutils                      x86_64   2.27-34.base.el7          build   5.9 M
DEBUG util.py:417:   bzip2-libs                    x86_64   1.0.6-13.el7              build    39 k
DEBUG util.py:417:   ca-certificates               noarch   2018.2.22-70.0.el7_5      build   391 k
DEBUG util.py:417:   chkconfig                     x86_64   1.7.4-1.el7               build   180 k
DEBUG util.py:417:   cpp                           x86_64   4.8.5-36.el7              build   6.0 M
DEBUG util.py:417:   cracklib                      x86_64   2.9.0-11.el7              build    79 k
DEBUG util.py:417:   cracklib-dicts                x86_64   2.9.0-11.el7              build   3.6 M
DEBUG util.py:417:   cryptsetup-libs               x86_64   1.7.4-4.el7               build   222 k
DEBUG util.py:417:   curl                          x86_64   7.29.0-46.el7             build   267 k
DEBUG util.py:417:   cyrus-sasl-lib                x86_64   2.1.26-23.el7             build   154 k
DEBUG util.py:417:   dbus                          x86_64   1:1.10.24-7.el7           build   244 k
DEBUG util.py:417:   dbus-libs                     x86_64   1:1.10.24-7.el7           build   168 k
DEBUG util.py:417:   device-mapper                 x86_64   7:1.02.146-4.el7          build   288 k
DEBUG util.py:417:   device-mapper-libs            x86_64   7:1.02.146-4.el7          build   315 k
DEBUG util.py:417:   dracut                        x86_64   033-535.el7               build   324 k
DEBUG util.py:417:   dwz                           x86_64   0.11-3.el7                build    98 k
DEBUG util.py:417:   elfutils                      x86_64   0.172-1.el7               build   298 k
DEBUG util.py:417:   elfutils-default-yama-scope   noarch   0.172-1.el7               build    31 k
DEBUG util.py:417:   elfutils-libelf               x86_64   0.172-1.el7               build   192 k
DEBUG util.py:417:   elfutils-libs                 x86_64   0.172-1.el7               build   284 k
DEBUG util.py:417:   expat                         x86_64   2.1.0-10.el7_3            build    80 k
DEBUG util.py:417:   file                          x86_64   5.11-33.el7               build    55 k
DEBUG util.py:417:   file-libs                     x86_64   5.11-33.el7               build   339 k
DEBUG util.py:417:   filesystem                    x86_64   3.2-25.el7                build   1.0 M
DEBUG util.py:417:   gdb                           x86_64   7.6.1-110.el7             build   2.4 M
DEBUG util.py:417:   gdbm                          x86_64   1.10-8.el7                build    69 k
DEBUG util.py:417:   glib2                         x86_64   2.56.1-1.el7              build   2.5 M
DEBUG util.py:417:   glibc                         x86_64   2.17-259.el7              build   3.6 M
DEBUG util.py:417:   glibc-common                  x86_64   2.17-259.el7              build    11 M
DEBUG util.py:417:   glibc-devel                   x86_64   2.17-259.el7              build   1.1 M
DEBUG util.py:417:   glibc-headers                 x86_64   2.17-259.el7              build   682 k
DEBUG util.py:417:   gmp                           x86_64   1:6.0.0-15.el7            build   280 k
DEBUG util.py:417:   gnupg2                        x86_64   2.0.22-4.el7              build   1.5 M
DEBUG util.py:417:   groff-base                    x86_64   1.22.2-8.el7              build   941 k
DEBUG util.py:417:   hardlink                      x86_64   1:1.0-19.el7              build    13 k
DEBUG util.py:417:   kernel-headers                x86_64   3.10.0-862.3.3.el7        build   7.1 M
DEBUG util.py:417:   keyutils-libs                 x86_64   1.5.8-3.el7               build    24 k
DEBUG util.py:417:   kmod                          x86_64   20-21.el7                 build   119 k
DEBUG util.py:417:   kmod-libs                     x86_64   20-21.el7                 build    49 k
DEBUG util.py:417:   kpartx                        x86_64   0.4.9-119.el7             build    74 k
DEBUG util.py:417:   krb5-libs                     x86_64   1.15.1-19.el7             build   746 k
DEBUG util.py:417:   libacl                        x86_64   2.2.51-14.el7             build    26 k
DEBUG util.py:417:   libassuan                     x86_64   2.1.0-3.el7               build    62 k
DEBUG util.py:417:   libattr                       x86_64   2.4.46-13.el7             build    17 k
DEBUG util.py:417:   libblkid                      x86_64   2.23.2-57.el7             build   179 k
DEBUG util.py:417:   libcap                        x86_64   2.22-9.el7                build    46 k
DEBUG util.py:417:   libcap-ng                     x86_64   0.7.5-4.el7               build    24 k
DEBUG util.py:417:   libcom_err                    x86_64   1.42.9-12.el7_5           build    40 k
DEBUG util.py:417:   libcurl                       x86_64   7.29.0-46.el7             build   219 k
DEBUG util.py:417:   libdb                         x86_64   5.3.21-24.el7             build   718 k
DEBUG util.py:417:   libdb-utils                   x86_64   5.3.21-24.el7             build   132 k
DEBUG util.py:417:   libffi                        x86_64   3.0.13-18.el7             build    29 k
DEBUG util.py:417:   libgcc                        x86_64   4.8.5-36.el7              build   100 k
DEBUG util.py:417:   libgcrypt                     x86_64   1.5.3-14.el7              build   262 k
DEBUG util.py:417:   libgomp                       x86_64   4.8.5-36.el7              build   156 k
DEBUG util.py:417:   libgpg-error                  x86_64   1.12-3.el7                build    86 k
DEBUG util.py:417:   libidn                        x86_64   1.28-4.el7                build   208 k
DEBUG util.py:417:   libmount                      x86_64   2.23.2-57.el7             build   181 k
DEBUG util.py:417:   libmpc                        x86_64   1.0.1-3.el7               build    49 k
DEBUG util.py:417:   libpwquality                  x86_64   1.2.3-5.el7               build    84 k
DEBUG util.py:417:   libselinux                    x86_64   2.5-13.el7                build   161 k
DEBUG util.py:417:   libsemanage                   x86_64   2.5-12.el7                build   149 k
DEBUG util.py:417:   libsepol                      x86_64   2.5-9.el7                 build   296 k
DEBUG util.py:417:   libsmartcols                  x86_64   2.23.2-57.el7             build   139 k
DEBUG util.py:417:   libssh2                       x86_64   1.4.3-10.el7_2.1          build   133 k
DEBUG util.py:417:   libstdc++                     x86_64   4.8.5-36.el7              build   303 k
DEBUG util.py:417:   libstdc++-devel               x86_64   4.8.5-36.el7              build   1.5 M
DEBUG util.py:417:   libtasn1                      x86_64   4.10-1.el7                build   319 k
DEBUG util.py:417:   libuser                       x86_64   0.60-9.el7                build   399 k
DEBUG util.py:417:   libutempter                   x86_64   1.1.6-4.el7               build    24 k
DEBUG util.py:417:   libuuid                       x86_64   2.23.2-57.el7             build    81 k
DEBUG util.py:417:   libverto                      x86_64   0.2.5-4.el7               build    15 k
DEBUG util.py:417:   libxml2                       x86_64   2.9.1-6.el7_2.3           build   667 k
DEBUG util.py:417:   lua                           x86_64   5.1.4-15.el7              build   200 k
DEBUG util.py:417:   lz4                           x86_64   1.7.5-2.el7               build    97 k
DEBUG util.py:417:   mpfr                          x86_64   3.1.1-4.el7               build   202 k
DEBUG util.py:417:   ncurses                       x86_64   5.9-14.20130511.el7_4     build   303 k
DEBUG util.py:417:   ncurses-base                  noarch   5.9-14.20130511.el7_4     build    67 k
DEBUG util.py:417:   ncurses-libs                  x86_64   5.9-14.20130511.el7_4     build   315 k
DEBUG util.py:417:   nspr                          x86_64   4.19.0-1.el7_5            build   126 k
DEBUG util.py:417:   nss                           x86_64   3.36.0-5.el7_5            build   834 k
DEBUG util.py:417:   nss-pem                       x86_64   1.0.3-4.el7               build    72 k
DEBUG util.py:417:   nss-softokn                   x86_64   3.36.0-5.el7_5            build   314 k
DEBUG util.py:417:   nss-softokn-freebl            x86_64   3.36.0-5.el7_5            build   221 k
DEBUG util.py:417:   nss-sysinit                   x86_64   3.36.0-5.el7_5            build    61 k
DEBUG util.py:417:   nss-tools                     x86_64   3.36.0-5.el7_5            build   513 k
DEBUG util.py:417:   nss-util                      x86_64   3.36.0-1.el7_5            build    77 k
DEBUG util.py:417:   openldap                      x86_64   2.4.44-15.el7_5           build   354 k
DEBUG util.py:417:   openssl-libs                  x86_64   1:1.0.2k-12.el7           build   1.2 M
DEBUG util.py:417:   p11-kit                       x86_64   0.23.5-3.el7              build   251 k
DEBUG util.py:417:   p11-kit-trust                 x86_64   0.23.5-3.el7              build   128 k
DEBUG util.py:417:   pam                           x86_64   1.1.8-22.el7              build   719 k
DEBUG util.py:417:   pcre                          x86_64   8.32-17.el7               build   421 k
DEBUG util.py:417:   perl                          x86_64   4:5.16.3-292.el7          build   8.0 M
DEBUG util.py:417:   perl-Carp                     noarch   1.26-244.el7              build    18 k
DEBUG util.py:417:   perl-Encode                   x86_64   2.51-7.el7                build   1.5 M
DEBUG util.py:417:   perl-Exporter                 noarch   5.68-3.el7                build    27 k
DEBUG util.py:417:   perl-File-Path                noarch   2.09-2.el7                build    25 k
DEBUG util.py:417:   perl-File-Temp                noarch   0.23.01-3.el7             build    55 k
DEBUG util.py:417:   perl-Filter                   x86_64   1.49-3.el7                build    75 k
DEBUG util.py:417:   perl-Getopt-Long              noarch   2.40-3.el7                build    55 k
DEBUG util.py:417:   perl-HTTP-Tiny                noarch   0.033-3.el7               build    37 k
DEBUG util.py:417:   perl-PathTools                x86_64   3.40-5.el7                build    81 k
DEBUG util.py:417:   perl-Pod-Escapes              noarch   1:1.04-292.el7            build    50 k
DEBUG util.py:417:   perl-Pod-Perldoc              noarch   3.20-4.el7                build    86 k
DEBUG util.py:417:   perl-Pod-Simple               noarch   1:3.28-4.el7              build   215 k
DEBUG util.py:417:   perl-Pod-Usage                noarch   1.63-3.el7                build    26 k
DEBUG util.py:417:   perl-Scalar-List-Utils        x86_64   1.27-248.el7              build    35 k
DEBUG util.py:417:   perl-Socket                   x86_64   2.010-4.el7               build    48 k
DEBUG util.py:417:   perl-Storable                 x86_64   2.45-3.el7                build    76 k
DEBUG util.py:417:   perl-Text-ParseWords          noarch   3.29-4.el7                build    13 k
DEBUG util.py:417:   perl-Thread-Queue             noarch   3.02-2.el7                build    16 k
DEBUG util.py:417:   perl-Time-HiRes               x86_64   4:1.9725-3.el7            build    44 k
DEBUG util.py:417:   perl-Time-Local               noarch   1.2300-2.el7              build    23 k
DEBUG util.py:417:   perl-constant                 noarch   1.27-2.el7                build    18 k
DEBUG util.py:417:   perl-libs                     x86_64   4:5.16.3-292.el7          build   687 k
DEBUG util.py:417:   perl-macros                   x86_64   4:5.16.3-292.el7          build    42 k
DEBUG util.py:417:   perl-parent                   noarch   1:0.225-244.el7           build    11 k
DEBUG util.py:417:   perl-podlators                noarch   2.5.1-3.el7               build   111 k
DEBUG util.py:417:   perl-srpm-macros              noarch   1-8.el7                   build   3.6 k
DEBUG util.py:417:   perl-threads                  x86_64   1.87-4.el7                build    48 k
DEBUG util.py:417:   perl-threads-shared           x86_64   1.43-6.el7                build    38 k
DEBUG util.py:417:   pinentry                      x86_64   0.8.1-17.el7              build    72 k
DEBUG util.py:417:   pkgconfig                     x86_64   1:0.27.1-4.el7            build    53 k
DEBUG util.py:417:   popt                          x86_64   1.13-16.el7               build    41 k
DEBUG util.py:417:   procps-ng                     x86_64   3.3.10-17.el7_5.2         build   289 k
DEBUG util.py:417:   pth                           x86_64   2.0.7-23.el7              build    88 k
DEBUG util.py:417:   python-libs                   x86_64   2.7.5-68.el7              build   5.6 M
DEBUG util.py:417:   qrencode-libs                 x86_64   3.4.1-3.el7               build    49 k
DEBUG util.py:417:   readline                      x86_64   6.2-10.el7                build   191 k
DEBUG util.py:417:   rpm                           x86_64   4.11.3-32.el7             build   1.2 M
DEBUG util.py:417:   rpm-build-libs                x86_64   4.11.3-32.el7             build   104 k
DEBUG util.py:417:   rpm-libs                      x86_64   4.11.3-32.el7             build   275 k
DEBUG util.py:417:   setup                         noarch   2.8.71-9.el7              build   165 k
DEBUG util.py:417:   shared-mime-info              x86_64   1.8-4.el7                 build   311 k
DEBUG util.py:417:   sqlite                        x86_64   3.7.17-8.el7              build   393 k
DEBUG util.py:417:   systemd                       x86_64   219-57.el7                build   5.0 M
DEBUG util.py:417:   systemd-libs                  x86_64   219-57.el7                build   401 k
DEBUG util.py:417:   tzdata                        noarch   2018e-3.el7               build   481 k
DEBUG util.py:417:   ustr                          x86_64   1.0.4-16.el7              build    91 k
DEBUG util.py:417:   xz-libs                       x86_64   5.2.2-1.el7               build   102 k
DEBUG util.py:417:   zip                           x86_64   3.0-11.el7                build   259 k
DEBUG util.py:417:   zlib                          x86_64   1.2.7-17.el7              build    89 k
DEBUG util.py:417:  Transaction Summary
DEBUG util.py:417:  ================================================================================
DEBUG util.py:417:  Install  24 Packages (+146 Dependent packages)
DEBUG util.py:417:  Total download size: 128 M
DEBUG util.py:417:  Installed size: 460 M
DEBUG util.py:417:  warning: /etc/hosts created as /etc/hosts.rpmnew
DEBUG util.py:417:  Installed:
DEBUG util.py:417:    bash.x86_64 0:4.2.46-30.el7                                                   
DEBUG util.py:417:    bzip2.x86_64 0:1.0.6-13.el7                                                   
DEBUG util.py:417:    coreutils.x86_64 0:8.22-21.el7                                                
DEBUG util.py:417:    cpio.x86_64 0:2.11-27.el7                                                     
DEBUG util.py:417:    diffutils.x86_64 0:3.3-4.el7                                                  
DEBUG util.py:417:    findutils.x86_64 1:4.5.11-5.el7                                               
DEBUG util.py:417:    gawk.x86_64 0:4.0.2-4.el7_3.1                                                 
DEBUG util.py:417:    gcc.x86_64 0:4.8.5-36.el7                                                     
DEBUG util.py:417:    gcc-c++.x86_64 0:4.8.5-36.el7                                                 
DEBUG util.py:417:    grep.x86_64 0:2.20-3.el7                                                      
DEBUG util.py:417:    gzip.x86_64 0:1.5-10.el7                                                      
DEBUG util.py:417:    info.x86_64 0:5.1-5.el7                                                       
DEBUG util.py:417:    make.x86_64 1:3.82-23.el7                                                     
DEBUG util.py:417:    patch.x86_64 0:2.7.1-10.el7_5                                                 
DEBUG util.py:417:    redhat-release-server.x86_64 0:7.6-0.el7                                      
DEBUG util.py:417:    redhat-rpm-config.noarch 0:9.1.0-80.el7                                       
DEBUG util.py:417:    rpm-build.x86_64 0:4.11.3-32.el7                                              
DEBUG util.py:417:    sed.x86_64 0:4.2.2-5.el7                                                      
DEBUG util.py:417:    shadow-utils.x86_64 2:4.1.5.1-24.el7                                          
DEBUG util.py:417:    tar.x86_64 2:1.26-34.el7                                                      
DEBUG util.py:417:    unzip.x86_64 0:6.0-19.el7                                                     
DEBUG util.py:417:    util-linux.x86_64 0:2.23.2-57.el7                                             
DEBUG util.py:417:    which.x86_64 0:2.20-7.el7                                                     
DEBUG util.py:417:    xz.x86_64 0:5.2.2-1.el7                                                       
DEBUG util.py:417:  Dependency Installed:
DEBUG util.py:417:    acl.x86_64 0:2.2.51-14.el7                                                    
DEBUG util.py:417:    audit-libs.x86_64 0:2.8.1-3.el7                                               
DEBUG util.py:417:    basesystem.noarch 0:10.0-7.el7                                                
DEBUG util.py:417:    binutils.x86_64 0:2.27-34.base.el7                                            
DEBUG util.py:417:    bzip2-libs.x86_64 0:1.0.6-13.el7                                              
DEBUG util.py:417:    ca-certificates.noarch 0:2018.2.22-70.0.el7_5                                 
DEBUG util.py:417:    chkconfig.x86_64 0:1.7.4-1.el7                                                
DEBUG util.py:417:    cpp.x86_64 0:4.8.5-36.el7                                                     
DEBUG util.py:417:    cracklib.x86_64 0:2.9.0-11.el7                                                
DEBUG util.py:417:    cracklib-dicts.x86_64 0:2.9.0-11.el7                                          
DEBUG util.py:417:    cryptsetup-libs.x86_64 0:1.7.4-4.el7                                          
DEBUG util.py:417:    curl.x86_64 0:7.29.0-46.el7                                                   
DEBUG util.py:417:    cyrus-sasl-lib.x86_64 0:2.1.26-23.el7                                         
DEBUG util.py:417:    dbus.x86_64 1:1.10.24-7.el7                                                   
DEBUG util.py:417:    dbus-libs.x86_64 1:1.10.24-7.el7                                              
DEBUG util.py:417:    device-mapper.x86_64 7:1.02.146-4.el7                                         
DEBUG util.py:417:    device-mapper-libs.x86_64 7:1.02.146-4.el7                                    
DEBUG util.py:417:    dracut.x86_64 0:033-535.el7                                                   
DEBUG util.py:417:    dwz.x86_64 0:0.11-3.el7                                                       
DEBUG util.py:417:    elfutils.x86_64 0:0.172-1.el7                                                 
DEBUG util.py:417:    elfutils-default-yama-scope.noarch 0:0.172-1.el7                              
DEBUG util.py:417:    elfutils-libelf.x86_64 0:0.172-1.el7                                          
DEBUG util.py:417:    elfutils-libs.x86_64 0:0.172-1.el7                                            
DEBUG util.py:417:    expat.x86_64 0:2.1.0-10.el7_3                                                 
DEBUG util.py:417:    file.x86_64 0:5.11-33.el7                                                     
DEBUG util.py:417:    file-libs.x86_64 0:5.11-33.el7                                                
DEBUG util.py:417:    filesystem.x86_64 0:3.2-25.el7                                                
DEBUG util.py:417:    gdb.x86_64 0:7.6.1-110.el7                                                    
DEBUG util.py:417:    gdbm.x86_64 0:1.10-8.el7                                                      
DEBUG util.py:417:    glib2.x86_64 0:2.56.1-1.el7                                                   
DEBUG util.py:417:    glibc.x86_64 0:2.17-259.el7                                                   
DEBUG util.py:417:    glibc-common.x86_64 0:2.17-259.el7                                            
DEBUG util.py:417:    glibc-devel.x86_64 0:2.17-259.el7                                             
DEBUG util.py:417:    glibc-headers.x86_64 0:2.17-259.el7                                           
DEBUG util.py:417:    gmp.x86_64 1:6.0.0-15.el7                                                     
DEBUG util.py:417:    gnupg2.x86_64 0:2.0.22-4.el7                                                  
DEBUG util.py:417:    groff-base.x86_64 0:1.22.2-8.el7                                              
DEBUG util.py:417:    hardlink.x86_64 1:1.0-19.el7                                                  
DEBUG util.py:417:    kernel-headers.x86_64 0:3.10.0-862.3.3.el7                                    
DEBUG util.py:417:    keyutils-libs.x86_64 0:1.5.8-3.el7                                            
DEBUG util.py:417:    kmod.x86_64 0:20-21.el7                                                       
DEBUG util.py:417:    kmod-libs.x86_64 0:20-21.el7                                                  
DEBUG util.py:417:    kpartx.x86_64 0:0.4.9-119.el7                                                 
DEBUG util.py:417:    krb5-libs.x86_64 0:1.15.1-19.el7                                              
DEBUG util.py:417:    libacl.x86_64 0:2.2.51-14.el7                                                 
DEBUG util.py:417:    libassuan.x86_64 0:2.1.0-3.el7                                                
DEBUG util.py:417:    libattr.x86_64 0:2.4.46-13.el7                                                
DEBUG util.py:417:    libblkid.x86_64 0:2.23.2-57.el7                                               
DEBUG util.py:417:    libcap.x86_64 0:2.22-9.el7                                                    
DEBUG util.py:417:    libcap-ng.x86_64 0:0.7.5-4.el7                                                
DEBUG util.py:417:    libcom_err.x86_64 0:1.42.9-12.el7_5                                           
DEBUG util.py:417:    libcurl.x86_64 0:7.29.0-46.el7                                                
DEBUG util.py:417:    libdb.x86_64 0:5.3.21-24.el7                                                  
DEBUG util.py:417:    libdb-utils.x86_64 0:5.3.21-24.el7                                            
DEBUG util.py:417:    libffi.x86_64 0:3.0.13-18.el7                                                 
DEBUG util.py:417:    libgcc.x86_64 0:4.8.5-36.el7                                                  
DEBUG util.py:417:    libgcrypt.x86_64 0:1.5.3-14.el7                                               
DEBUG util.py:417:    libgomp.x86_64 0:4.8.5-36.el7                                                 
DEBUG util.py:417:    libgpg-error.x86_64 0:1.12-3.el7                                              
DEBUG util.py:417:    libidn.x86_64 0:1.28-4.el7                                                    
DEBUG util.py:417:    libmount.x86_64 0:2.23.2-57.el7                                               
DEBUG util.py:417:    libmpc.x86_64 0:1.0.1-3.el7                                                   
DEBUG util.py:417:    libpwquality.x86_64 0:1.2.3-5.el7                                             
DEBUG util.py:417:    libselinux.x86_64 0:2.5-13.el7                                                
DEBUG util.py:417:    libsemanage.x86_64 0:2.5-12.el7                                               
DEBUG util.py:417:    libsepol.x86_64 0:2.5-9.el7                                                   
DEBUG util.py:417:    libsmartcols.x86_64 0:2.23.2-57.el7                                           
DEBUG util.py:417:    libssh2.x86_64 0:1.4.3-10.el7_2.1                                             
DEBUG util.py:417:    libstdc++.x86_64 0:4.8.5-36.el7                                               
DEBUG util.py:417:    libstdc++-devel.x86_64 0:4.8.5-36.el7                                         
DEBUG util.py:417:    libtasn1.x86_64 0:4.10-1.el7                                                  
DEBUG util.py:417:    libuser.x86_64 0:0.60-9.el7                                                   
DEBUG util.py:417:    libutempter.x86_64 0:1.1.6-4.el7                                              
DEBUG util.py:417:    libuuid.x86_64 0:2.23.2-57.el7                                                
DEBUG util.py:417:    libverto.x86_64 0:0.2.5-4.el7                                                 
DEBUG util.py:417:    libxml2.x86_64 0:2.9.1-6.el7_2.3                                              
DEBUG util.py:417:    lua.x86_64 0:5.1.4-15.el7                                                     
DEBUG util.py:417:    lz4.x86_64 0:1.7.5-2.el7                                                      
DEBUG util.py:417:    mpfr.x86_64 0:3.1.1-4.el7                                                     
DEBUG util.py:417:    ncurses.x86_64 0:5.9-14.20130511.el7_4                                        
DEBUG util.py:417:    ncurses-base.noarch 0:5.9-14.20130511.el7_4                                   
DEBUG util.py:417:    ncurses-libs.x86_64 0:5.9-14.20130511.el7_4                                   
DEBUG util.py:417:    nspr.x86_64 0:4.19.0-1.el7_5                                                  
DEBUG util.py:417:    nss.x86_64 0:3.36.0-5.el7_5                                                   
DEBUG util.py:417:    nss-pem.x86_64 0:1.0.3-4.el7                                                  
DEBUG util.py:417:    nss-softokn.x86_64 0:3.36.0-5.el7_5                                           
DEBUG util.py:417:    nss-softokn-freebl.x86_64 0:3.36.0-5.el7_5                                    
DEBUG util.py:417:    nss-sysinit.x86_64 0:3.36.0-5.el7_5                                           
DEBUG util.py:417:    nss-tools.x86_64 0:3.36.0-5.el7_5                                             
DEBUG util.py:417:    nss-util.x86_64 0:3.36.0-1.el7_5                                              
DEBUG util.py:417:    openldap.x86_64 0:2.4.44-15.el7_5                                             
DEBUG util.py:417:    openssl-libs.x86_64 1:1.0.2k-12.el7                                           
DEBUG util.py:417:    p11-kit.x86_64 0:0.23.5-3.el7                                                 
DEBUG util.py:417:    p11-kit-trust.x86_64 0:0.23.5-3.el7                                           
DEBUG util.py:417:    pam.x86_64 0:1.1.8-22.el7                                                     
DEBUG util.py:417:    pcre.x86_64 0:8.32-17.el7                                                     
DEBUG util.py:417:    perl.x86_64 4:5.16.3-292.el7                                                  
DEBUG util.py:417:    perl-Carp.noarch 0:1.26-244.el7                                               
DEBUG util.py:417:    perl-Encode.x86_64 0:2.51-7.el7                                               
DEBUG util.py:417:    perl-Exporter.noarch 0:5.68-3.el7                                             
DEBUG util.py:417:    perl-File-Path.noarch 0:2.09-2.el7                                            
DEBUG util.py:417:    perl-File-Temp.noarch 0:0.23.01-3.el7                                         
DEBUG util.py:417:    perl-Filter.x86_64 0:1.49-3.el7                                               
DEBUG util.py:417:    perl-Getopt-Long.noarch 0:2.40-3.el7                                          
DEBUG util.py:417:    perl-HTTP-Tiny.noarch 0:0.033-3.el7                                           
DEBUG util.py:417:    perl-PathTools.x86_64 0:3.40-5.el7                                            
DEBUG util.py:417:    perl-Pod-Escapes.noarch 1:1.04-292.el7                                        
DEBUG util.py:417:    perl-Pod-Perldoc.noarch 0:3.20-4.el7                                          
DEBUG util.py:417:    perl-Pod-Simple.noarch 1:3.28-4.el7                                           
DEBUG util.py:417:    perl-Pod-Usage.noarch 0:1.63-3.el7                                            
DEBUG util.py:417:    perl-Scalar-List-Utils.x86_64 0:1.27-248.el7                                  
DEBUG util.py:417:    perl-Socket.x86_64 0:2.010-4.el7                                              
DEBUG util.py:417:    perl-Storable.x86_64 0:2.45-3.el7                                             
DEBUG util.py:417:    perl-Text-ParseWords.noarch 0:3.29-4.el7                                      
DEBUG util.py:417:    perl-Thread-Queue.noarch 0:3.02-2.el7                                         
DEBUG util.py:417:    perl-Time-HiRes.x86_64 4:1.9725-3.el7                                         
DEBUG util.py:417:    perl-Time-Local.noarch 0:1.2300-2.el7                                         
DEBUG util.py:417:    perl-constant.noarch 0:1.27-2.el7                                             
DEBUG util.py:417:    perl-libs.x86_64 4:5.16.3-292.el7                                             
DEBUG util.py:417:    perl-macros.x86_64 4:5.16.3-292.el7                                           
DEBUG util.py:417:    perl-parent.noarch 1:0.225-244.el7                                            
DEBUG util.py:417:    perl-podlators.noarch 0:2.5.1-3.el7                                           
DEBUG util.py:417:    perl-srpm-macros.noarch 0:1-8.el7                                             
DEBUG util.py:417:    perl-threads.x86_64 0:1.87-4.el7                                              
DEBUG util.py:417:    perl-threads-shared.x86_64 0:1.43-6.el7                                       
DEBUG util.py:417:    pinentry.x86_64 0:0.8.1-17.el7                                                
DEBUG util.py:417:    pkgconfig.x86_64 1:0.27.1-4.el7                                               
DEBUG util.py:417:    popt.x86_64 0:1.13-16.el7                                                     
DEBUG util.py:417:    procps-ng.x86_64 0:3.3.10-17.el7_5.2                                          
DEBUG util.py:417:    pth.x86_64 0:2.0.7-23.el7                                                     
DEBUG util.py:417:    python-libs.x86_64 0:2.7.5-68.el7                                             
DEBUG util.py:417:    qrencode-libs.x86_64 0:3.4.1-3.el7                                            
DEBUG util.py:417:    readline.x86_64 0:6.2-10.el7                                                  
DEBUG util.py:417:    rpm.x86_64 0:4.11.3-32.el7                                                    
DEBUG util.py:417:    rpm-build-libs.x86_64 0:4.11.3-32.el7                                         
DEBUG util.py:417:    rpm-libs.x86_64 0:4.11.3-32.el7                                               
DEBUG util.py:417:    setup.noarch 0:2.8.71-9.el7                                                   
DEBUG util.py:417:    shared-mime-info.x86_64 0:1.8-4.el7                                           
DEBUG util.py:417:    sqlite.x86_64 0:3.7.17-8.el7                                                  
DEBUG util.py:417:    systemd.x86_64 0:219-57.el7                                                   
DEBUG util.py:417:    systemd-libs.x86_64 0:219-57.el7                                              
DEBUG util.py:417:    tzdata.noarch 0:2018e-3.el7                                                   
DEBUG util.py:417:    ustr.x86_64 0:1.0.4-16.el7                                                    
DEBUG util.py:417:    xz-libs.x86_64 0:5.2.2-1.el7                                                  
DEBUG util.py:417:    zip.x86_64 0:3.0-11.el7                                                       
DEBUG util.py:417:    zlib.x86_64 0:1.2.7-17.el7                                                    
DEBUG util.py:542:  Child return code was: 0
DEBUG util.py:110:  touching file: /mnt/build/mock/rhel-7.6-pesign-build-4135077-2576732/root/etc/os-release
DEBUG util.py:563:  child environment: None
DEBUG util.py:495:  Executing command: ['/usr/sbin/userdel', '-r', '-f', 'mockbuild'] with env {'LANG': 'en_US.UTF-8', 'TERM': 'vt100', 'SHELL': '/bin/bash', 'PROMPT_COMMAND': 'printf "\x1b]0;<mock-chroot>\x07<mock-chroot>"', 'PATH': '/usr/bin:/bin:/usr/sbin:/sbin', 'HOME': '/builddir', 'HOSTNAME': 'mock'} and shell False
DEBUG util.py:417:  userdel: user 'mockbuild' does not exist
DEBUG util.py:542:  Child return code was: 6
DEBUG util.py:563:  child environment: None
DEBUG util.py:495:  Executing command: ['/usr/sbin/groupdel', 'mockbuild'] with env {'LANG': 'en_US.UTF-8', 'TERM': 'vt100', 'SHELL': '/bin/bash', 'PROMPT_COMMAND': 'printf "\x1b]0;<mock-chroot>\x07<mock-chroot>"', 'PATH': '/usr/bin:/bin:/usr/sbin:/sbin', 'HOME': '/builddir', 'HOSTNAME': 'mock'} and shell False
DEBUG util.py:417:  groupdel: group 'mockbuild' does not exist
DEBUG util.py:542:  Child return code was: 6
DEBUG util.py:563:  child environment: None
DEBUG util.py:495:  Executing command: ['/usr/sbin/groupadd', '-g', '135', 'mockbuild'] with env {'LANG': 'en_US.UTF-8', 'TERM': 'vt100', 'SHELL': '/bin/bash', 'PROMPT_COMMAND': 'printf "\x1b]0;<mock-chroot>\x07<mock-chroot>"', 'PATH': '/usr/bin:/bin:/usr/sbin:/sbin', 'HOME': '/builddir', 'HOSTNAME': 'mock'} and shell False
DEBUG util.py:542:  Child return code was: 0
DEBUG util.py:563:  child environment: None
DEBUG util.py:495:  Executing command: ['/usr/sbin/useradd', '-o', '-m', '-u', '996', '-g', '135', '-d', '/builddir', '-n', 'mockbuild'] with env {'LANG': 'en_US.UTF-8', 'TERM': 'vt100', 'SHELL': '/bin/bash', 'PROMPT_COMMAND': 'printf "\x1b]0;<mock-chroot>\x07<mock-chroot>"', 'PATH': '/usr/bin:/bin:/usr/sbin:/sbin', 'HOME': '/builddir', 'HOSTNAME': 'mock'} and shell False
DEBUG util.py:542:  Child return code was: 0
DEBUG util.py:97:  ensuring that dir exists: /mnt/build/mock/rhel-7.6-pesign-build-4135077-2576732/root/builddir/build/RPMS
DEBUG util.py:100:  creating dir: /mnt/build/mock/rhel-7.6-pesign-build-4135077-2576732/root/builddir/build/RPMS
DEBUG util.py:97:  ensuring that dir exists: /mnt/build/mock/rhel-7.6-pesign-build-4135077-2576732/root/builddir/build/SPECS
DEBUG util.py:100:  creating dir: /mnt/build/mock/rhel-7.6-pesign-build-4135077-2576732/root/builddir/build/SPECS
DEBUG util.py:97:  ensuring that dir exists: /mnt/build/mock/rhel-7.6-pesign-build-4135077-2576732/root/builddir/build/SRPMS
DEBUG util.py:100:  creating dir: /mnt/build/mock/rhel-7.6-pesign-build-4135077-2576732/root/builddir/build/SRPMS
DEBUG util.py:97:  ensuring that dir exists: /mnt/build/mock/rhel-7.6-pesign-build-4135077-2576732/root/builddir/build/SOURCES
DEBUG util.py:100:  creating dir: /mnt/build/mock/rhel-7.6-pesign-build-4135077-2576732/root/builddir/build/SOURCES
DEBUG util.py:97:  ensuring that dir exists: /mnt/build/mock/rhel-7.6-pesign-build-4135077-2576732/root/builddir/build/BUILD
DEBUG util.py:100:  creating dir: /mnt/build/mock/rhel-7.6-pesign-build-4135077-2576732/root/builddir/build/BUILD
DEBUG util.py:97:  ensuring that dir exists: /mnt/build/mock/rhel-7.6-pesign-build-4135077-2576732/root/builddir/build/BUILDROOT
DEBUG util.py:100:  creating dir: /mnt/build/mock/rhel-7.6-pesign-build-4135077-2576732/root/builddir/build/BUILDROOT
DEBUG util.py:97:  ensuring that dir exists: /mnt/build/mock/rhel-7.6-pesign-build-4135077-2576732/root/builddir/build/originals
DEBUG util.py:100:  creating dir: /mnt/build/mock/rhel-7.6-pesign-build-4135077-2576732/root/builddir/build/originals
DEBUG util.py:110:  touching file: /mnt/build/mock/rhel-7.6-pesign-build-4135077-2576732/root/.initialized
INFO backend.py:168:  Installed packages:
DEBUG util.py:563:  child environment: None
DEBUG util.py:495:  Executing command: /bin/rpm --root /mnt/build/mock/rhel-7.6-pesign-build-4135077-2576732/root -qa with env {'LANG': 'en_US.UTF-8', 'TERM': 'vt100', 'SHELL': '/bin/bash', 'HOSTNAME': 'mock', 'PROMPT_COMMAND': 'printf "\x1b]0;<mock-chroot>\x07<mock-chroot>"', 'HOME': '/builddir', 'PATH': '/usr/bin:/bin:/usr/sbin:/sbin'} and shell True
DEBUG util.py:417:  redhat-release-server-7.6-0.el7.x86_64
DEBUG util.py:417:  filesystem-3.2-25.el7.x86_64
DEBUG util.py:417:  tzdata-2018e-3.el7.noarch
DEBUG util.py:417:  nss-softokn-freebl-3.36.0-5.el7_5.x86_64
DEBUG util.py:417:  glibc-2.17-259.el7.x86_64
DEBUG util.py:417:  nss-util-3.36.0-1.el7_5.x86_64
DEBUG util.py:417:  ncurses-libs-5.9-14.20130511.el7_4.x86_64
DEBUG util.py:417:  libsepol-2.5-9.el7.x86_64
DEBUG util.py:417:  libselinux-2.5-13.el7.x86_64
DEBUG util.py:417:  info-5.1-5.el7.x86_64
DEBUG util.py:417:  xz-libs-5.2.2-1.el7.x86_64
DEBUG util.py:417:  libdb-5.3.21-24.el7.x86_64
DEBUG util.py:417:  gmp-6.0.0-15.el7.x86_64
DEBUG util.py:417:  libattr-2.4.46-13.el7.x86_64
DEBUG util.py:417:  libcap-2.22-9.el7.x86_64
DEBUG util.py:417:  libgpg-error-1.12-3.el7.x86_64
DEBUG util.py:417:  lua-5.1.4-15.el7.x86_64
DEBUG util.py:417:  mpfr-3.1.1-4.el7.x86_64
DEBUG util.py:417:  libcom_err-1.42.9-12.el7_5.x86_64
DEBUG util.py:417:  libuuid-2.23.2-57.el7.x86_64
DEBUG util.py:417:  xz-5.2.2-1.el7.x86_64
DEBUG util.py:417:  gawk-4.0.2-4.el7_3.1.x86_64
DEBUG util.py:417:  diffutils-3.3-4.el7.x86_64
DEBUG util.py:417:  expat-2.1.0-10.el7_3.x86_64
DEBUG util.py:417:  audit-libs-2.8.1-3.el7.x86_64
DEBUG util.py:417:  sqlite-3.7.17-8.el7.x86_64
DEBUG util.py:417:  tar-1.26-34.el7.x86_64
DEBUG util.py:417:  gdbm-1.10-8.el7.x86_64
DEBUG util.py:417:  cpp-4.8.5-36.el7.x86_64
DEBUG util.py:417:  libassuan-2.1.0-3.el7.x86_64
DEBUG util.py:417:  patch-2.7.1-10.el7_5.x86_64
DEBUG util.py:417:  perl-parent-0.225-244.el7.noarch
DEBUG util.py:417:  perl-podlators-2.5.1-3.el7.noarch
DEBUG util.py:417:  perl-Pod-Escapes-1.04-292.el7.noarch
DEBUG util.py:417:  perl-Encode-2.51-7.el7.x86_64
DEBUG util.py:417:  perl-libs-5.16.3-292.el7.x86_64
DEBUG util.py:417:  perl-Socket-2.010-4.el7.x86_64
DEBUG util.py:417:  perl-Time-HiRes-1.9725-3.el7.x86_64
DEBUG util.py:417:  perl-Carp-1.26-244.el7.noarch
DEBUG util.py:417:  perl-Exporter-5.68-3.el7.noarch
DEBUG util.py:417:  perl-Time-Local-1.2300-2.el7.noarch
DEBUG util.py:417:  perl-File-Temp-0.23.01-3.el7.noarch
DEBUG util.py:417:  perl-PathTools-3.40-5.el7.x86_64
DEBUG util.py:417:  perl-Pod-Simple-3.28-4.el7.noarch
DEBUG util.py:417:  perl-5.16.3-292.el7.x86_64
DEBUG util.py:417:  libdb-utils-5.3.21-24.el7.x86_64
DEBUG util.py:417:  libxml2-2.9.1-6.el7_2.3.x86_64
DEBUG util.py:417:  bzip2-1.0.6-13.el7.x86_64
DEBUG util.py:417:  zip-3.0-11.el7.x86_64
DEBUG util.py:417:  libidn-1.28-4.el7.x86_64
DEBUG util.py:417:  libstdc++-devel-4.8.5-36.el7.x86_64
DEBUG util.py:417:  libsemanage-2.5-12.el7.x86_64
DEBUG util.py:417:  libsmartcols-2.23.2-57.el7.x86_64
DEBUG util.py:417:  keyutils-libs-1.5.8-3.el7.x86_64
DEBUG util.py:417:  libtasn1-4.10-1.el7.x86_64
DEBUG util.py:417:  ca-certificates-2018.2.22-70.0.el7_5.noarch
DEBUG util.py:417:  openssl-libs-1.0.2k-12.el7.x86_64
DEBUG util.py:417:  gzip-1.5-10.el7.x86_64
DEBUG util.py:417:  shadow-utils-4.1.5.1-24.el7.x86_64
DEBUG util.py:417:  libblkid-2.23.2-57.el7.x86_64
DEBUG util.py:417:  glib2-2.56.1-1.el7.x86_64
DEBUG util.py:417:  pkgconfig-0.27.1-4.el7.x86_64
DEBUG util.py:417:  pam-1.1.8-22.el7.x86_64
DEBUG util.py:417:  libutempter-1.1.6-4.el7.x86_64
DEBUG util.py:417:  python-libs-2.7.5-68.el7.x86_64
DEBUG util.py:417:  libssh2-1.4.3-10.el7_2.1.x86_64
DEBUG util.py:417:  nss-3.36.0-5.el7_5.x86_64
DEBUG util.py:417:  nss-tools-3.36.0-5.el7_5.x86_64
DEBUG util.py:417:  curl-7.29.0-46.el7.x86_64
DEBUG util.py:417:  rpm-4.11.3-32.el7.x86_64
DEBUG util.py:417:  libuser-0.60-9.el7.x86_64
DEBUG util.py:417:  procps-ng-3.3.10-17.el7_5.2.x86_64
DEBUG util.py:417:  device-mapper-1.02.146-4.el7.x86_64
DEBUG util.py:417:  kmod-20-21.el7.x86_64
DEBUG util.py:417:  cryptsetup-libs-1.7.4-4.el7.x86_64
DEBUG util.py:417:  systemd-libs-219-57.el7.x86_64
DEBUG util.py:417:  systemd-219-57.el7.x86_64
DEBUG util.py:417:  dbus-1.10.24-7.el7.x86_64
DEBUG util.py:417:  pth-2.0.7-23.el7.x86_64
DEBUG util.py:417:  rpm-build-libs-4.11.3-32.el7.x86_64
DEBUG util.py:417:  redhat-rpm-config-9.1.0-80.el7.noarch
DEBUG util.py:417:  glibc-headers-2.17-259.el7.x86_64
DEBUG util.py:417:  gcc-4.8.5-36.el7.x86_64
DEBUG util.py:417:  rpm-build-4.11.3-32.el7.x86_64
DEBUG util.py:417:  make-3.82-23.el7.x86_64
DEBUG util.py:417:  libgcc-4.8.5-36.el7.x86_64
DEBUG util.py:417:  setup-2.8.71-9.el7.noarch
DEBUG util.py:417:  basesystem-10.0-7.el7.noarch
DEBUG util.py:417:  ncurses-base-5.9-14.20130511.el7_4.noarch
DEBUG util.py:417:  glibc-common-2.17-259.el7.x86_64
DEBUG util.py:417:  nspr-4.19.0-1.el7_5.x86_64
DEBUG util.py:417:  libstdc++-4.8.5-36.el7.x86_64
DEBUG util.py:417:  bash-4.2.46-30.el7.x86_64
DEBUG util.py:417:  pcre-8.32-17.el7.x86_64
DEBUG util.py:417:  zlib-1.2.7-17.el7.x86_64
DEBUG util.py:417:  bzip2-libs-1.0.6-13.el7.x86_64
DEBUG util.py:417:  elfutils-libelf-0.172-1.el7.x86_64
DEBUG util.py:417:  sed-4.2.2-5.el7.x86_64
DEBUG util.py:417:  popt-1.13-16.el7.x86_64
DEBUG util.py:417:  libacl-2.2.51-14.el7.x86_64
DEBUG util.py:417:  readline-6.2-10.el7.x86_64
DEBUG util.py:417:  libgcrypt-1.5.3-14.el7.x86_64
DEBUG util.py:417:  chkconfig-1.7.4-1.el7.x86_64
DEBUG util.py:417:  grep-2.20-3.el7.x86_64
DEBUG util.py:417:  libffi-3.0.13-18.el7.x86_64
DEBUG util.py:417:  libmpc-1.0.1-3.el7.x86_64
DEBUG util.py:417:  cpio-2.11-27.el7.x86_64
DEBUG util.py:417:  findutils-4.5.11-5.el7.x86_64
DEBUG util.py:417:  file-libs-5.11-33.el7.x86_64
DEBUG util.py:417:  libcap-ng-0.7.5-4.el7.x86_64
DEBUG util.py:417:  p11-kit-0.23.5-3.el7.x86_64
DEBUG util.py:417:  nss-softokn-3.36.0-5.el7_5.x86_64
DEBUG util.py:417:  lz4-1.7.5-2.el7.x86_64
DEBUG util.py:417:  file-5.11-33.el7.x86_64
DEBUG util.py:417:  pinentry-0.8.1-17.el7.x86_64
DEBUG util.py:417:  acl-2.2.51-14.el7.x86_64
DEBUG util.py:417:  groff-base-1.22.2-8.el7.x86_64
DEBUG util.py:417:  perl-HTTP-Tiny-0.033-3.el7.noarch
DEBUG util.py:417:  perl-Pod-Perldoc-3.20-4.el7.noarch
DEBUG util.py:417:  perl-Text-ParseWords-3.29-4.el7.noarch
DEBUG util.py:417:  perl-Pod-Usage-1.63-3.el7.noarch
DEBUG util.py:417:  perl-macros-5.16.3-292.el7.x86_64
DEBUG util.py:417:  perl-Storable-2.45-3.el7.x86_64
DEBUG util.py:417:  perl-threads-1.87-4.el7.x86_64
DEBUG util.py:417:  perl-Filter-1.49-3.el7.x86_64
DEBUG util.py:417:  perl-constant-1.27-2.el7.noarch
DEBUG util.py:417:  perl-threads-shared-1.43-6.el7.x86_64
DEBUG util.py:417:  perl-File-Path-2.09-2.el7.noarch
DEBUG util.py:417:  perl-Scalar-List-Utils-1.27-248.el7.x86_64
DEBUG util.py:417:  perl-Getopt-Long-2.40-3.el7.noarch
DEBUG util.py:417:  perl-Thread-Queue-3.02-2.el7.noarch
DEBUG util.py:417:  dwz-0.11-3.el7.x86_64
DEBUG util.py:417:  kmod-libs-20-21.el7.x86_64
DEBUG util.py:417:  unzip-6.0-19.el7.x86_64
DEBUG util.py:417:  libgomp-4.8.5-36.el7.x86_64
DEBUG util.py:417:  ncurses-5.9-14.20130511.el7_4.x86_64
DEBUG util.py:417:  ustr-1.0.4-16.el7.x86_64
DEBUG util.py:417:  libverto-0.2.5-4.el7.x86_64
DEBUG util.py:417:  qrencode-libs-3.4.1-3.el7.x86_64
DEBUG util.py:417:  hardlink-1.0-19.el7.x86_64
DEBUG util.py:417:  p11-kit-trust-0.23.5-3.el7.x86_64
DEBUG util.py:417:  coreutils-8.22-21.el7.x86_64
DEBUG util.py:417:  krb5-libs-1.15.1-19.el7.x86_64
DEBUG util.py:417:  cracklib-2.9.0-11.el7.x86_64
DEBUG util.py:417:  binutils-2.27-34.base.el7.x86_64
DEBUG util.py:417:  libmount-2.23.2-57.el7.x86_64
DEBUG util.py:417:  shared-mime-info-1.8-4.el7.x86_64
DEBUG util.py:417:  cracklib-dicts-2.9.0-11.el7.x86_64
DEBUG util.py:417:  libpwquality-1.2.3-5.el7.x86_64
DEBUG util.py:417:  cyrus-sasl-lib-2.1.26-23.el7.x86_64
DEBUG util.py:417:  gdb-7.6.1-110.el7.x86_64
DEBUG util.py:417:  nss-pem-1.0.3-4.el7.x86_64
DEBUG util.py:417:  nss-sysinit-3.36.0-5.el7_5.x86_64
DEBUG util.py:417:  libcurl-7.29.0-46.el7.x86_64
DEBUG util.py:417:  rpm-libs-4.11.3-32.el7.x86_64
DEBUG util.py:417:  openldap-2.4.44-15.el7_5.x86_64
DEBUG util.py:417:  util-linux-2.23.2-57.el7.x86_64
DEBUG util.py:417:  kpartx-0.4.9-119.el7.x86_64
DEBUG util.py:417:  dracut-033-535.el7.x86_64
DEBUG util.py:417:  device-mapper-libs-1.02.146-4.el7.x86_64
DEBUG util.py:417:  elfutils-libs-0.172-1.el7.x86_64
DEBUG util.py:417:  dbus-libs-1.10.24-7.el7.x86_64
DEBUG util.py:417:  elfutils-default-yama-scope-0.172-1.el7.noarch
DEBUG util.py:417:  elfutils-0.172-1.el7.x86_64
DEBUG util.py:417:  gnupg2-2.0.22-4.el7.x86_64
DEBUG util.py:417:  perl-srpm-macros-1-8.el7.noarch
DEBUG util.py:417:  kernel-headers-3.10.0-862.3.3.el7.x86_64
DEBUG util.py:417:  glibc-devel-2.17-259.el7.x86_64
DEBUG util.py:417:  gcc-c++-4.8.5-36.el7.x86_64
DEBUG util.py:417:  which-2.20-7.el7.x86_64
DEBUG util.py:542:  Child return code was: 0
DEBUG util.py:176:  kill orphans
DEBUG util.py:563:  child environment: None
DEBUG util.py:495:  Executing command: ['/bin/umount', '-n', '/mnt/build/mock/rhel-7.6-pesign-build-4135077-2576732/root/proc/filesystems'] with env {'LANG': 'en_US.UTF-8', 'TERM': 'vt100', 'SHELL': '/bin/sh', 'HOSTNAME': 'mock', 'HOME': '/builddir', 'PATH': '/usr/bin:/bin:/usr/sbin:/sbin'} and shell False
DEBUG util.py:542:  Child return code was: 0
DEBUG util.py:563:  child environment: None
DEBUG util.py:495:  Executing command: ['/bin/umount', '-n', '-l', '/mnt/build/mock/rhel-7.6-pesign-build-4135077-2576732/root/dev/pts'] with env {'LANG': 'en_US.UTF-8', 'TERM': 'vt100', 'SHELL': '/bin/sh', 'HOSTNAME': 'mock', 'HOME': '/builddir', 'PATH': '/usr/bin:/bin:/usr/sbin:/sbin'} and shell False
DEBUG util.py:542:  Child return code was: 0
DEBUG util.py:563:  child environment: None
DEBUG util.py:495:  Executing command: ['/bin/umount', '-n', '-l', '/mnt/build/mock/rhel-7.6-pesign-build-4135077-2576732/root/dev/shm'] with env {'LANG': 'en_US.UTF-8', 'TERM': 'vt100', 'SHELL': '/bin/sh', 'HOSTNAME': 'mock', 'HOME': '/builddir', 'PATH': '/usr/bin:/bin:/usr/sbin:/sbin'} and shell False
DEBUG util.py:542:  Child return code was: 0
DEBUG util.py:563:  child environment: None
DEBUG util.py:495:  Executing command: ['/bin/umount', '-n', '-l', '/mnt/build/mock/rhel-7.6-pesign-build-4135077-2576732/root/sys'] with env {'LANG': 'en_US.UTF-8', 'TERM': 'vt100', 'SHELL': '/bin/sh', 'HOSTNAME': 'mock', 'HOME': '/builddir', 'PATH': '/usr/bin:/bin:/usr/sbin:/sbin'} and shell False
DEBUG util.py:542:  Child return code was: 0
DEBUG util.py:563:  child environment: None
DEBUG util.py:495:  Executing command: ['/bin/umount', '-n', '-l', '/mnt/build/mock/rhel-7.6-pesign-build-4135077-2576732/root/proc'] with env {'LANG': 'en_US.UTF-8', 'TERM': 'vt100', 'SHELL': '/bin/sh', 'HOSTNAME': 'mock', 'HOME': '/builddir', 'PATH': '/usr/bin:/bin:/usr/sbin:/sbin'} and shell False
DEBUG util.py:542:  Child return code was: 0
INFO buildroot.py:309:  Mock Version: 1.2.17
DEBUG util.py:97:  ensuring that dir exists: /mnt/build/mock/rhel-7.6-pesign-build-4135077-2576732/root/dev/pts
DEBUG util.py:97:  ensuring that dir exists: /mnt/build/mock/rhel-7.6-pesign-build-4135077-2576732/root/dev/shm
DEBUG buildroot.py:447:  kernel version == 3.10.0-862.2.3.el7.x86_64
DEBUG util.py:110:  touching file: /mnt/build/mock/rhel-7.6-pesign-build-4135077-2576732/root/etc/fstab
DEBUG util.py:110:  touching file: /mnt/build/mock/rhel-7.6-pesign-build-4135077-2576732/root/etc/yum.conf
DEBUG util.py:110:  touching file: /mnt/build/mock/rhel-7.6-pesign-build-4135077-2576732/root/etc/dnf.conf
DEBUG util.py:110:  touching file: /mnt/build/mock/rhel-7.6-pesign-build-4135077-2576732/root/var/log/yum.log
DEBUG util.py:563:  child environment: None
DEBUG util.py:495:  Executing command: ['/bin/mount', '-n', '-t', 'proc', 'proc', '/mnt/build/mock/rhel-7.6-pesign-build-4135077-2576732/root/proc'] with env {'LANG': 'en_US.UTF-8', 'TERM': 'vt100', 'SHELL': '/bin/sh', 'HOSTNAME': 'mock', 'HOME': '/builddir', 'PATH': '/usr/bin:/bin:/usr/sbin:/sbin'} and shell False
DEBUG util.py:542:  Child return code was: 0
DEBUG util.py:563:  child environment: None
DEBUG util.py:495:  Executing command: ['/bin/mount', '-n', '-t', 'sysfs', 'sysfs', '/mnt/build/mock/rhel-7.6-pesign-build-4135077-2576732/root/sys'] with env {'LANG': 'en_US.UTF-8', 'TERM': 'vt100', 'SHELL': '/bin/sh', 'HOSTNAME': 'mock', 'HOME': '/builddir', 'PATH': '/usr/bin:/bin:/usr/sbin:/sbin'} and shell False
DEBUG util.py:542:  Child return code was: 0
DEBUG util.py:563:  child environment: None
DEBUG util.py:495:  Executing command: ['/bin/mount', '-n', '-t', 'tmpfs', 'tmpfs', '/mnt/build/mock/rhel-7.6-pesign-build-4135077-2576732/root/dev/shm'] with env {'LANG': 'en_US.UTF-8', 'TERM': 'vt100', 'SHELL': '/bin/sh', 'HOSTNAME': 'mock', 'HOME': '/builddir', 'PATH': '/usr/bin:/bin:/usr/sbin:/sbin'} and shell False
DEBUG util.py:542:  Child return code was: 0
DEBUG util.py:563:  child environment: None
DEBUG util.py:495:  Executing command: ['/bin/mount', '-n', '-t', 'devpts', '-o', 'gid=5,mode=0620,ptmxmode=0666,newinstance', 'devpts', '/mnt/build/mock/rhel-7.6-pesign-build-4135077-2576732/root/dev/pts'] with env {'LANG': 'en_US.UTF-8', 'TERM': 'vt100', 'SHELL': '/bin/sh', 'HOSTNAME': 'mock', 'HOME': '/builddir', 'PATH': '/usr/bin:/bin:/usr/sbin:/sbin'} and shell False
DEBUG util.py:542:  Child return code was: 0
DEBUG util.py:563:  child environment: None
DEBUG util.py:495:  Executing command: ['/bin/mount', '-n', '--bind', '/tmp/mock-selinux-plugin.t75vnk', '/mnt/build/mock/rhel-7.6-pesign-build-4135077-2576732/root/proc/filesystems'] with env {'LANG': 'en_US.UTF-8', 'TERM': 'vt100', 'SHELL': '/bin/sh', 'HOSTNAME': 'mock', 'HOME': '/builddir', 'PATH': '/usr/bin:/bin:/usr/sbin:/sbin'} and shell False
DEBUG util.py:542:  Child return code was: 0
DEBUG buildroot.py:138:  rootdir = /mnt/build/mock/rhel-7.6-pesign-build-4135077-2576732/root
DEBUG buildroot.py:139:  resultdir = /mnt/build/mock/rhel-7.6-pesign-build-4135077-2576732/result
DEBUG util.py:97:  ensuring that dir exists: /mnt/build/mock/rhel-7.6-pesign-build-4135077-2576732/root/etc/pki/mock
DEBUG util.py:97:  ensuring that dir exists: /mnt/build/mock/rhel-7.6-pesign-build-4135077-2576732/root/etc/yum/pluginconf.d
DEBUG package_manager.py:199:  configure yum
DEBUG package_manager.py:205:  configure yum priorities
DEBUG package_manager.py:207:  configure yum rhnplugin
DEBUG buildroot.py:330:  removing 3 rpm db files
DEBUG buildroot.py:335:  _nuke_rpm_db: removing /mnt/build/mock/rhel-7.6-pesign-build-4135077-2576732/root/var/lib/rpm/__db.003
DEBUG buildroot.py:335:  _nuke_rpm_db: removing /mnt/build/mock/rhel-7.6-pesign-build-4135077-2576732/root/var/lib/rpm/__db.002
DEBUG buildroot.py:335:  _nuke_rpm_db: removing /mnt/build/mock/rhel-7.6-pesign-build-4135077-2576732/root/var/lib/rpm/__db.001
DEBUG util.py:563:  child environment: None
DEBUG util.py:495:  Executing command: ['/usr/sbin/userdel', '-f', 'mockbuild'] with env {'LANG': 'en_US.UTF-8', 'TERM': 'vt100', 'SHELL': '/bin/bash', 'PROMPT_COMMAND': 'printf "\x1b]0;<mock-chroot>\x07<mock-chroot>"', 'PATH': '/usr/bin:/bin:/usr/sbin:/sbin', 'HOME': '/builddir', 'HOSTNAME': 'mock'} and shell False
DEBUG util.py:542:  Child return code was: 0
DEBUG util.py:563:  child environment: None
DEBUG util.py:495:  Executing command: ['/usr/sbin/groupdel', 'mockbuild'] with env {'LANG': 'en_US.UTF-8', 'TERM': 'vt100', 'SHELL': '/bin/bash', 'PROMPT_COMMAND': 'printf "\x1b]0;<mock-chroot>\x07<mock-chroot>"', 'PATH': '/usr/bin:/bin:/usr/sbin:/sbin', 'HOME': '/builddir', 'HOSTNAME': 'mock'} and shell False
DEBUG util.py:417:  groupdel: group 'mockbuild' does not exist
DEBUG util.py:542:  Child return code was: 6
DEBUG util.py:563:  child environment: None
DEBUG util.py:495:  Executing command: ['/usr/sbin/groupadd', '-g', '135', 'mockbuild'] with env {'LANG': 'en_US.UTF-8', 'TERM': 'vt100', 'SHELL': '/bin/bash', 'PROMPT_COMMAND': 'printf "\x1b]0;<mock-chroot>\x07<mock-chroot>"', 'PATH': '/usr/bin:/bin:/usr/sbin:/sbin', 'HOME': '/builddir', 'HOSTNAME': 'mock'} and shell False
DEBUG util.py:542:  Child return code was: 0
DEBUG util.py:563:  child environment: None
DEBUG util.py:495:  Executing command: ['/usr/sbin/useradd', '-o', '-m', '-u', '996', '-g', '135', '-d', '/builddir', '-n', 'mockbuild'] with env {'LANG': 'en_US.UTF-8', 'TERM': 'vt100', 'SHELL': '/bin/bash', 'PROMPT_COMMAND': 'printf "\x1b]0;<mock-chroot>\x07<mock-chroot>"', 'PATH': '/usr/bin:/bin:/usr/sbin:/sbin', 'HOME': '/builddir', 'HOSTNAME': 'mock'} and shell False
DEBUG util.py:417:  useradd: warning: the home directory already exists.
DEBUG util.py:417:  Not copying any file from skel directory into it.
DEBUG util.py:417:  Creating mailbox file: File exists
DEBUG util.py:542:  Child return code was: 0
DEBUG util.py:97:  ensuring that dir exists: /mnt/build/mock/rhel-7.6-pesign-build-4135077-2576732/root/builddir/build/RPMS
DEBUG util.py:100:  creating dir: /mnt/build/mock/rhel-7.6-pesign-build-4135077-2576732/root/builddir/build/RPMS
DEBUG util.py:97:  ensuring that dir exists: /mnt/build/mock/rhel-7.6-pesign-build-4135077-2576732/root/builddir/build/SPECS
DEBUG util.py:100:  creating dir: /mnt/build/mock/rhel-7.6-pesign-build-4135077-2576732/root/builddir/build/SPECS
DEBUG util.py:97:  ensuring that dir exists: /mnt/build/mock/rhel-7.6-pesign-build-4135077-2576732/root/builddir/build/SRPMS
DEBUG util.py:100:  creating dir: /mnt/build/mock/rhel-7.6-pesign-build-4135077-2576732/root/builddir/build/SRPMS
DEBUG util.py:97:  ensuring that dir exists: /mnt/build/mock/rhel-7.6-pesign-build-4135077-2576732/root/builddir/build/SOURCES
DEBUG util.py:97:  ensuring that dir exists: /mnt/build/mock/rhel-7.6-pesign-build-4135077-2576732/root/builddir/build/BUILD
DEBUG util.py:100:  creating dir: /mnt/build/mock/rhel-7.6-pesign-build-4135077-2576732/root/builddir/build/BUILD
DEBUG util.py:97:  ensuring that dir exists: /mnt/build/mock/rhel-7.6-pesign-build-4135077-2576732/root/builddir/build/BUILDROOT
DEBUG util.py:100:  creating dir: /mnt/build/mock/rhel-7.6-pesign-build-4135077-2576732/root/builddir/build/BUILDROOT
DEBUG util.py:97:  ensuring that dir exists: /mnt/build/mock/rhel-7.6-pesign-build-4135077-2576732/root/builddir/build/originals
DEBUG util.py:100:  creating dir: /mnt/build/mock/rhel-7.6-pesign-build-4135077-2576732/root/builddir/build/originals
DEBUG util.py:110:  touching file: /mnt/build/mock/rhel-7.6-pesign-build-4135077-2576732/root/.initialized
DEBUG util.py:563:  child environment: None
DEBUG util.py:495:  Executing command: ['/bin/rpm', '-Uvh', '--nodeps', '/builddir/build/originals/shim-15-1.el7.src.rpm'] with env {'LANG': 'en_US.UTF-8', 'TERM': 'vt100', 'SHELL': '/bin/bash', 'PROMPT_COMMAND': 'printf "\x1b]0;<mock-chroot>\x07<mock-chroot>"', 'PATH': '/usr/bin:/bin:/usr/sbin:/sbin', 'HOME': '/builddir', 'HOSTNAME': 'mock'} and shell False
DEBUG util.py:417:  Updating / installing...
DEBUG util.py:417:  shim-15-1.el7                         ########################################
DEBUG util.py:542:  Child return code was: 0
DEBUG util.py:563:  child environment: None
DEBUG util.py:495:  Executing command: ['/bin/rpm', '-qpl', '/builddir/build/originals/shim-15-1.el7.src.rpm'] with env {'LANG': 'en_US.UTF-8', 'TERM': 'vt100', 'SHELL': '/bin/bash', 'PROMPT_COMMAND': 'printf "\x1b]0;<mock-chroot>\x07<mock-chroot>"', 'PATH': '/usr/bin:/bin:/usr/sbin:/sbin', 'HOME': '/builddir', 'HOSTNAME': 'mock'} and shell False
DEBUG util.py:417:  securebootca.cer
DEBUG util.py:417:  shim-15.tar.bz2
DEBUG util.py:417:  shim-find-debuginfo.sh
DEBUG util.py:417:  shim.spec
DEBUG util.py:542:  Child return code was: 0
DEBUG util.py:563:  child environment: None
DEBUG package_manager.py:96:  ['/usr/bin/yum-builddep', '--installroot', '/mnt/build/mock/rhel-7.6-pesign-build-4135077-2576732/root/', '/mnt/build/mock/rhel-7.6-pesign-build-4135077-2576732/root//builddir/build/SRPMS/shim-15-1.el7.src.rpm']
DEBUG util.py:563:  child environment: None
DEBUG util.py:495:  Executing command: ['/usr/bin/yum-builddep', '--installroot', '/mnt/build/mock/rhel-7.6-pesign-build-4135077-2576732/root/', '/mnt/build/mock/rhel-7.6-pesign-build-4135077-2576732/root//builddir/build/SRPMS/shim-15-1.el7.src.rpm', '--setopt=tsflags=nocontexts'] with env {'LANG': 'en_US.UTF-8', 'TERM': 'vt100', 'SHELL': '/bin/bash', 'LC_MESSAGES': 'C', 'PROMPT_COMMAND': 'printf "\x1b]0;<mock-chroot>\x07<mock-chroot>"', 'PATH': '/usr/bin:/bin:/usr/sbin:/sbin', 'HOME': '/builddir', 'HOSTNAME': 'mock'} and shell False
DEBUG util.py:417:  Getting requirements for shim-15-1.el7.src
DEBUG util.py:417:   --> git-1.8.3.1-14.el7_5.x86_64
DEBUG util.py:417:   --> 1:openssl-devel-1.0.2k-12.el7.x86_64
DEBUG util.py:417:   --> 1:openssl-1.0.2k-12.el7.x86_64
DEBUG util.py:417:   --> pesign-0.109-10.el7.x86_64
DEBUG util.py:417:   --> 1:gnu-efi-3.0.8-2.el7.x86_64
DEBUG util.py:417:   --> 1:gnu-efi-devel-3.0.8-2.el7.x86_64
DEBUG util.py:417:   --> 2:vim-common-7.4.160-4.el7.x86_64
DEBUG util.py:417:  ================================================================================
DEBUG util.py:417:   Package               Arch     Version                           Repository
DEBUG util.py:417:                                                                             Size
DEBUG util.py:417:  ================================================================================
DEBUG util.py:417:  Installing:
DEBUG util.py:417:   git                   x86_64   1.8.3.1-14.el7_5                  build   4.4 M
DEBUG util.py:417:   gnu-efi               x86_64   1:3.0.8-2.el7                     build    65 k
DEBUG util.py:417:   gnu-efi-devel         x86_64   1:3.0.8-2.el7                     build   108 k
DEBUG util.py:417:   openssl               x86_64   1:1.0.2k-12.el7                   build   491 k
DEBUG util.py:417:   openssl-devel         x86_64   1:1.0.2k-12.el7                   build   1.5 M
DEBUG util.py:417:   pesign                x86_64   0.109-10.el7                      build    88 k
DEBUG util.py:417:   vim-common            x86_64   2:7.4.160-4.el7                   build   5.9 M
DEBUG util.py:417:  Installing for dependencies:
DEBUG util.py:417:   coolkey               x86_64   1.1.0-37.el7                      build   114 k
DEBUG util.py:417:   fipscheck             x86_64   1.4.1-6.el7                       build    20 k
DEBUG util.py:417:   fipscheck-lib         x86_64   1.4.1-6.el7                       build   9.6 k
DEBUG util.py:417:   keyutils-libs-devel   x86_64   1.5.8-3.el7                       build    36 k
DEBUG util.py:417:   krb5-devel            x86_64   1.15.1-19.el7                     build   268 k
DEBUG util.py:417:   less                  x86_64   458-9.el7                         build   119 k
DEBUG util.py:417:   libcom_err-devel      x86_64   1.42.9-12.el7_5                   build    30 k
DEBUG util.py:417:   libedit               x86_64   3.0-12.20121213cvs.el7            build    91 k
DEBUG util.py:417:   libgnome-keyring      x86_64   3.12.0-1.el7                      build   108 k
DEBUG util.py:417:   libkadm5              x86_64   1.15.1-19.el7                     build   174 k
DEBUG util.py:417:   libselinux-devel      x86_64   2.5-13.el7                        build   185 k
DEBUG util.py:417:   libsepol-devel        x86_64   2.5-9.el7                         build    76 k
DEBUG util.py:417:   libusbx               x86_64   1.0.21-1.el7                      build    60 k
DEBUG util.py:417:   libverto-devel        x86_64   0.2.5-4.el7                       build    10 k
DEBUG util.py:417:   opensc                x86_64   0.16.0-8.20170227git777e2a3.el7   build   1.0 M
DEBUG util.py:417:   openssh               x86_64   7.4p1-16.el7                      build   508 k
DEBUG util.py:417:   openssh-clients       x86_64   7.4p1-16.el7                      build   653 k
DEBUG util.py:417:   pcre-devel            x86_64   8.32-17.el7                       build   479 k
DEBUG util.py:417:   pcsc-lite             x86_64   1.8.8-7.el7                       build   189 k
DEBUG util.py:417:   pcsc-lite-ccid        x86_64   1.4.10-13.el7                     build   156 k
DEBUG util.py:417:   pcsc-lite-libs        x86_64   1.8.8-7.el7                       build    33 k
DEBUG util.py:417:   perl-Error            noarch   1:0.17020-2.el7                   build    31 k
DEBUG util.py:417:   perl-Git              noarch   1.8.3.1-14.el7_5                  build    53 k
DEBUG util.py:417:   perl-TermReadKey      x86_64   2.30-20.el7                       build    30 k
DEBUG util.py:417:   python                x86_64   2.7.5-68.el7                      build    92 k
DEBUG util.py:417:   rsync                 x86_64   3.1.2-4.el7                       build   402 k
DEBUG util.py:417:   vim-filesystem        x86_64   2:7.4.160-4.el7                   build   9.1 k
DEBUG util.py:417:   zlib-devel            x86_64   1.2.7-17.el7                      build    49 k
DEBUG util.py:417:  Transaction Summary
DEBUG util.py:417:  ================================================================================
DEBUG util.py:417:  Install  7 Packages (+28 Dependent packages)
DEBUG util.py:417:  Total download size: 17 M
DEBUG util.py:417:  Installed size: 62 M
DEBUG util.py:417:  Installed:
DEBUG util.py:417:    git.x86_64 0:1.8.3.1-14.el7_5             gnu-efi.x86_64 1:3.0.8-2.el7       
DEBUG util.py:417:    gnu-efi-devel.x86_64 1:3.0.8-2.el7        openssl.x86_64 1:1.0.2k-12.el7     
DEBUG util.py:417:    openssl-devel.x86_64 1:1.0.2k-12.el7      pesign.x86_64 0:0.109-10.el7       
DEBUG util.py:417:    vim-common.x86_64 2:7.4.160-4.el7        
DEBUG util.py:417:  Dependency Installed:
DEBUG util.py:417:    coolkey.x86_64 0:1.1.0-37.el7                                                 
DEBUG util.py:417:    fipscheck.x86_64 0:1.4.1-6.el7                                                
DEBUG util.py:417:    fipscheck-lib.x86_64 0:1.4.1-6.el7                                            
DEBUG util.py:417:    keyutils-libs-devel.x86_64 0:1.5.8-3.el7                                      
DEBUG util.py:417:    krb5-devel.x86_64 0:1.15.1-19.el7                                             
DEBUG util.py:417:    less.x86_64 0:458-9.el7                                                       
DEBUG util.py:417:    libcom_err-devel.x86_64 0:1.42.9-12.el7_5                                     
DEBUG util.py:417:    libedit.x86_64 0:3.0-12.20121213cvs.el7                                       
DEBUG util.py:417:    libgnome-keyring.x86_64 0:3.12.0-1.el7                                        
DEBUG util.py:417:    libkadm5.x86_64 0:1.15.1-19.el7                                               
DEBUG util.py:417:    libselinux-devel.x86_64 0:2.5-13.el7                                          
DEBUG util.py:417:    libsepol-devel.x86_64 0:2.5-9.el7                                             
DEBUG util.py:417:    libusbx.x86_64 0:1.0.21-1.el7                                                 
DEBUG util.py:417:    libverto-devel.x86_64 0:0.2.5-4.el7                                           
DEBUG util.py:417:    opensc.x86_64 0:0.16.0-8.20170227git777e2a3.el7                               
DEBUG util.py:417:    openssh.x86_64 0:7.4p1-16.el7                                                 
DEBUG util.py:417:    openssh-clients.x86_64 0:7.4p1-16.el7                                         
DEBUG util.py:417:    pcre-devel.x86_64 0:8.32-17.el7                                               
DEBUG util.py:417:    pcsc-lite.x86_64 0:1.8.8-7.el7                                                
DEBUG util.py:417:    pcsc-lite-ccid.x86_64 0:1.4.10-13.el7                                         
DEBUG util.py:417:    pcsc-lite-libs.x86_64 0:1.8.8-7.el7                                           
DEBUG util.py:417:    perl-Error.noarch 1:0.17020-2.el7                                             
DEBUG util.py:417:    perl-Git.noarch 0:1.8.3.1-14.el7_5                                            
DEBUG util.py:417:    perl-TermReadKey.x86_64 0:2.30-20.el7                                         
DEBUG util.py:417:    python.x86_64 0:2.7.5-68.el7                                                  
DEBUG util.py:417:    rsync.x86_64 0:3.1.2-4.el7                                                    
DEBUG util.py:417:    vim-filesystem.x86_64 2:7.4.160-4.el7                                         
DEBUG util.py:417:    zlib-devel.x86_64 0:1.2.7-17.el7                                              
DEBUG util.py:542:  Child return code was: 0
DEBUG util.py:563:  child environment: None
DEBUG backend.py:450:  Copying packages to result dir
DEBUG util.py:176:  kill orphans
DEBUG util.py:563:  child environment: None
DEBUG util.py:495:  Executing command: ['/bin/umount', '-n', '/mnt/build/mock/rhel-7.6-pesign-build-4135077-2576732/root/proc/filesystems'] with env {'LANG': 'en_US.UTF-8', 'TERM': 'vt100', 'SHELL': '/bin/sh', 'HOSTNAME': 'mock', 'HOME': '/builddir', 'PATH': '/usr/bin:/bin:/usr/sbin:/sbin'} and shell False
DEBUG util.py:542:  Child return code was: 0
DEBUG util.py:563:  child environment: None
DEBUG util.py:495:  Executing command: ['/bin/umount', '-n', '-l', '/mnt/build/mock/rhel-7.6-pesign-build-4135077-2576732/root/dev/pts'] with env {'LANG': 'en_US.UTF-8', 'TERM': 'vt100', 'SHELL': '/bin/sh', 'HOSTNAME': 'mock', 'HOME': '/builddir', 'PATH': '/usr/bin:/bin:/usr/sbin:/sbin'} and shell False
DEBUG util.py:542:  Child return code was: 0
DEBUG util.py:563:  child environment: None
DEBUG util.py:495:  Executing command: ['/bin/umount', '-n', '-l', '/mnt/build/mock/rhel-7.6-pesign-build-4135077-2576732/root/dev/shm'] with env {'LANG': 'en_US.UTF-8', 'TERM': 'vt100', 'SHELL': '/bin/sh', 'HOSTNAME': 'mock', 'HOME': '/builddir', 'PATH': '/usr/bin:/bin:/usr/sbin:/sbin'} and shell False
DEBUG util.py:542:  Child return code was: 0
DEBUG util.py:563:  child environment: None
DEBUG util.py:495:  Executing command: ['/bin/umount', '-n', '-l', '/mnt/build/mock/rhel-7.6-pesign-build-4135077-2576732/root/sys'] with env {'LANG': 'en_US.UTF-8', 'TERM': 'vt100', 'SHELL': '/bin/sh', 'HOSTNAME': 'mock', 'HOME': '/builddir', 'PATH': '/usr/bin:/bin:/usr/sbin:/sbin'} and shell False
DEBUG util.py:542:  Child return code was: 0
DEBUG util.py:563:  child environment: None
DEBUG util.py:495:  Executing command: ['/bin/umount', '-n', '-l', '/mnt/build/mock/rhel-7.6-pesign-build-4135077-2576732/root/proc'] with env {'LANG': 'en_US.UTF-8', 'TERM': 'vt100', 'SHELL': '/bin/sh', 'HOSTNAME': 'mock', 'HOME': '/builddir', 'PATH': '/usr/bin:/bin:/usr/sbin:/sbin'} and shell False
DEBUG util.py:542:  Child return code was: 0
